# JRE version: Java(TM) SE Runtime Environment (17.0.2+8) (build 17.0.2+8-LTS-86)
# Java VM: Java HotSpot(TM) 64-Bit Server VM (17.0.2+8-LTS-86, mixed mode, sharing, tiered, compressed oops, compressed class ptrs, g1 gc, windows-amd64)
GC Precious Log:
 CPUs: 8 total, 8 available
 Memory: 7890M
 Large Page Support: Disabled
 NUMA Support: Disabled
 Compressed Oops: Enabled (32-bit)
 Heap Region Size: 1M
 Heap Min Capacity: 8M
 Heap Initial Capacity: 124M
 Heap Max Capacity: 1974M
 Pre-touch: Disabled
 Parallel Workers: 8
 Concurrent Workers: 2
 Concurrent Refinement Workers: 8
 Periodic GC: Disabled
Heap:
 garbage-first heap   total 183296K, used 21423K [0x0000000084a00000, 0x0000000100000000)
  region size 1024K, 8 young (8192K), 8 survivors (8192K)
 Metaspace       used 16068K, committed 16256K, reserved 1064960K
  class space    used 2045K, committed 2112K, reserved 1048576K
GC Heap History (20 events):
Event: 1.264 GC heap after
{Heap after GC invocations=6 (full 0):
 garbage-first heap   total 152576K, used 14510K [0x0000000084a00000, 0x0000000100000000)
  region size 1024K, 5 young (5120K), 5 survivors (5120K)
 Metaspace       used 16040K, committed 16256K, reserved 1064960K
  class space    used 2043K, committed 2112K, reserved 1048576K
}
Event: 1.457 GC heap before
{Heap before GC invocations=6 (full 0):
 garbage-first heap   total 152576K, used 100526K [0x0000000084a00000, 0x0000000100000000)
  region size 1024K, 89 young (91136K), 5 survivors (5120K)
 Metaspace       used 16042K, committed 16256K, reserved 1064960K
  class space    used 2043K, committed 2112K, reserved 1048576K
}
Event: 1.459 GC heap after
{Heap after GC invocations=7 (full 0):
 garbage-first heap   total 152576K, used 14641K [0x0000000084a00000, 0x0000000100000000)
  region size 1024K, 5 young (5120K), 5 survivors (5120K)
 Metaspace       used 16042K, committed 16256K, reserved 1064960K
  class space    used 2043K, committed 2112K, reserved 1048576K
}
Event: 1.655 GC heap before
{Heap before GC invocations=7 (full 0):
 garbage-first heap   total 152576K, used 100657K [0x0000000084a00000, 0x0000000100000000)
  region size 1024K, 89 young (91136K), 5 survivors (5120K)
 Metaspace       used 16042K, committed 16256K, reserved 1064960K
  class space    used 2043K, committed 2112K, reserved 1048576K
}
Event: 1.657 GC heap after
{Heap after GC invocations=8 (full 0):
 garbage-first heap   total 152576K, used 15750K [0x0000000084a00000, 0x0000000100000000)
  region size 1024K, 6 young (6144K), 6 survivors (6144K)
 Metaspace       used 16042K, committed 16256K, reserved 1064960K
  class space    used 2043K, committed 2112K, reserved 1048576K
}
Event: 1.852 GC heap before
{Heap before GC invocations=8 (full 0):
 garbage-first heap   total 152576K, used 100742K [0x0000000084a00000, 0x0000000100000000)
  region size 1024K, 89 young (91136K), 6 survivors (6144K)
 Metaspace       used 16042K, committed 16256K, reserved 1064960K
  class space    used 2043K, committed 2112K, reserved 1048576K
}
Event: 1.855 GC heap after
{Heap after GC invocations=9 (full 0):
 garbage-first heap   total 152576K, used 16271K [0x0000000084a00000, 0x0000000100000000)
  region size 1024K, 7 young (7168K), 7 survivors (7168K)
 Metaspace       used 16042K, committed 16256K, reserved 1064960K
  class space    used 2043K, committed 2112K, reserved 1048576K
}
Event: 2.261 GC heap before
{Heap before GC invocations=9 (full 0):
 garbage-first heap   total 152576K, used 100239K [0x0000000084a00000, 0x0000000100000000)
  region size 1024K, 89 young (91136K), 7 survivors (7168K)
 Metaspace       used 16047K, committed 16256K, reserved 1064960K
  class space    used 2043K, committed 2112K, reserved 1048576K
}
Event: 2.264 GC heap after
{Heap after GC invocations=10 (full 0):
 garbage-first heap   total 152576K, used 16819K [0x0000000084a00000, 0x0000000100000000)
  region size 1024K, 6 young (6144K), 6 survivors (6144K)
 Metaspace       used 16047K, committed 16256K, reserved 1064960K
  class space    used 2043K, committed 2112K, reserved 1048576K
}
Event: 2.428 GC heap before
{Heap before GC invocations=10 (full 0):
 garbage-first heap   total 152576K, used 101811K [0x0000000084a00000, 0x0000000100000000)
  region size 1024K, 89 young (91136K), 6 survivors (6144K)
 Metaspace       used 16047K, committed 16256K, reserved 1064960K
  class space    used 2043K, committed 2112K, reserved 1048576K
}
Event: 2.431 GC heap after
{Heap after GC invocations=11 (full 0):
 garbage-first heap   total 152576K, used 17598K [0x0000000084a00000, 0x0000000100000000)
  region size 1024K, 7 young (7168K), 7 survivors (7168K)
 Metaspace       used 16047K, committed 16256K, reserved 1064960K
  class space    used 2043K, committed 2112K, reserved 1048576K
}
Event: 2.595 GC heap before
{Heap before GC invocations=11 (full 0):
 garbage-first heap   total 152576K, used 101566K [0x0000000084a00000, 0x0000000100000000)
  region size 1024K, 89 young (91136K), 7 survivors (7168K)
 Metaspace       used 16049K, committed 16256K, reserved 1064960K
  class space    used 2043K, committed 2112K, reserved 1048576K
}
Event: 2.598 GC heap after
{Heap after GC invocations=12 (full 0):
 garbage-first heap   total 183296K, used 18162K [0x0000000084a00000, 0x0000000100000000)
  region size 1024K, 7 young (7168K), 7 survivors (7168K)
 Metaspace       used 16049K, committed 16256K, reserved 1064960K
  class space    used 2043K, committed 2112K, reserved 1048576K
}
Event: 2.835 GC heap before
{Heap before GC invocations=12 (full 0):
 garbage-first heap   total 183296K, used 120562K [0x0000000084a00000, 0x0000000100000000)
  region size 1024K, 107 young (109568K), 7 survivors (7168K)
 Metaspace       used 16050K, committed 16256K, reserved 1064960K
  class space    used 2043K, committed 2112K, reserved 1048576K
}
Event: 2.839 GC heap after
{Heap after GC invocations=13 (full 0):
 garbage-first heap   total 183296K, used 19184K [0x0000000084a00000, 0x0000000100000000)
  region size 1024K, 8 young (8192K), 8 survivors (8192K)
 Metaspace       used 16050K, committed 16256K, reserved 1064960K
  class space    used 2043K, committed 2112K, reserved 1048576K
}
Event: 3.038 GC heap before
{Heap before GC invocations=13 (full 0):
 garbage-first heap   total 183296K, used 120560K [0x0000000084a00000, 0x0000000100000000)
  region size 1024K, 107 young (109568K), 8 survivors (8192K)
 Metaspace       used 16057K, committed 16256K, reserved 1064960K
  class space    used 2043K, committed 2112K, reserved 1048576K
}
Event: 3.041 GC heap after
{Heap after GC invocations=14 (full 0):
 garbage-first heap   total 183296K, used 19812K [0x0000000084a00000, 0x0000000100000000)
  region size 1024K, 9 young (9216K), 9 survivors (9216K)
 Metaspace       used 16057K, committed 16256K, reserved 1064960K
  class space    used 2043K, committed 2112K, reserved 1048576K
}
Event: 3.255 GC heap before
{Heap before GC invocations=14 (full 0):
 garbage-first heap   total 183296K, used 120164K [0x0000000084a00000, 0x0000000100000000)
  region size 1024K, 107 young (109568K), 9 survivors (9216K)
 Metaspace       used 16058K, committed 16256K, reserved 1064960K
  class space    used 2043K, committed 2112K, reserved 1048576K
}
Event: 3.258 GC heap after
{Heap after GC invocations=15 (full 0):
 garbage-first heap   total 183296K, used 20484K [0x0000000084a00000, 0x0000000100000000)
  region size 1024K, 8 young (8192K), 8 survivors (8192K)
 Metaspace       used 16058K, committed 16256K, reserved 1064960K
  class space    used 2043K, committed 2112K, reserved 1048576K
}
Event: 3.496 GC heap before
{Heap before GC invocations=15 (full 0):
 garbage-first heap   total 183296K, used 121860K [0x0000000084a00000, 0x0000000100000000)
  region size 1024K, 107 young (109568K), 8 survivors (8192K)
 Metaspace       used 16068K, committed 16256K, reserved 1064960K
  class space    used 2045K, committed 2112K, reserved 1048576K
}

