# JRE version: Java(TM) SE Runtime Environment (17.0.2+8) (build 17.0.2+8-LTS-86)
# Java VM: Java HotSpot(TM) 64-Bit Server VM (17.0.2+8-LTS-86, mixed mode, sharing, tiered, compressed oops, compressed class ptrs, g1 gc, windows-amd64)
GC Precious Log:
 CPUs: 8 total, 8 available
 Memory: 7890M
 Large Page Support: Disabled
 NUMA Support: Disabled
 Compressed Oops: Enabled (32-bit)
 Heap Region Size: 1M
 Heap Min Capacity: 8M
 Heap Initial Capacity: 124M
 Heap Max Capacity: 1974M
 Pre-touch: Disabled
 Parallel Workers: 8
 Concurrent Workers: 2
 Concurrent Refinement Workers: 8
 Periodic GC: Disabled
Heap:
 garbage-first heap   total 152576K, used 32760K [0x0000000084a00000, 0x0000000100000000)
  region size 1024K, 22 young (22528K), 5 survivors (5120K)
 Metaspace       used 16079K, committed 16320K, reserved 1064960K
  class space    used 2046K, committed 2176K, reserved 1048576K
GC Heap History (20 events):
Event: 0.750 GC heap before
{Heap before GC invocations=1 (full 0):
 garbage-first heap   total 126976K, used 38716K [0x0000000084a00000, 0x0000000100000000)
  region size 1024K, 33 young (33792K), 3 survivors (3072K)
 Metaspace       used 9166K, committed 9280K, reserved 1064960K
  class space    used 1166K, committed 1216K, reserved 1048576K
}
Event: 0.754 GC heap after
{Heap after GC invocations=2 (full 0):
 garbage-first heap   total 126976K, used 10365K [0x0000000084a00000, 0x0000000100000000)
  region size 1024K, 2 young (2048K), 2 survivors (2048K)
 Metaspace       used 9166K, committed 9280K, reserved 1064960K
  class space    used 1166K, committed 1216K, reserved 1048576K
}
Event: 0.988 GC heap before
{Heap before GC invocations=2 (full 0):
 garbage-first heap   total 126976K, used 84093K [0x0000000084a00000, 0x0000000100000000)
  region size 1024K, 74 young (75776K), 2 survivors (2048K)
 Metaspace       used 12550K, committed 12736K, reserved 1064960K
  class space    used 1589K, committed 1664K, reserved 1048576K
}
Event: 0.990 GC heap after
{Heap after GC invocations=3 (full 0):
 garbage-first heap   total 126976K, used 11372K [0x0000000084a00000, 0x0000000100000000)
  region size 1024K, 3 young (3072K), 3 survivors (3072K)
 Metaspace       used 12550K, committed 12736K, reserved 1064960K
  class space    used 1589K, committed 1664K, reserved 1048576K
}
Event: 1.166 GC heap before
{Heap before GC invocations=3 (full 0):
 garbage-first heap   total 126976K, used 84076K [0x0000000084a00000, 0x0000000100000000)
  region size 1024K, 74 young (75776K), 3 survivors (3072K)
 Metaspace       used 14819K, committed 15040K, reserved 1064960K
  class space    used 1885K, committed 1984K, reserved 1048576K
}
Event: 1.169 GC heap after
{Heap after GC invocations=4 (full 0):
 garbage-first heap   total 126976K, used 12069K [0x0000000084a00000, 0x0000000100000000)
  region size 1024K, 3 young (3072K), 3 survivors (3072K)
 Metaspace       used 14819K, committed 15040K, reserved 1064960K
  class space    used 1885K, committed 1984K, reserved 1048576K
}
Event: 1.332 GC heap before
{Heap before GC invocations=4 (full 0):
 garbage-first heap   total 126976K, used 84773K [0x0000000084a00000, 0x0000000100000000)
  region size 1024K, 74 young (75776K), 3 survivors (3072K)
 Metaspace       used 16050K, committed 16256K, reserved 1064960K
  class space    used 2046K, committed 2176K, reserved 1048576K
}
Event: 1.334 GC heap after
{Heap after GC invocations=5 (full 0):
 garbage-first heap   total 126976K, used 13089K [0x0000000084a00000, 0x0000000100000000)
  region size 1024K, 4 young (4096K), 4 survivors (4096K)
 Metaspace       used 16050K, committed 16256K, reserved 1064960K
  class space    used 2046K, committed 2176K, reserved 1048576K
}
Event: 1.583 GC heap before
{Heap before GC invocations=5 (full 0):
 garbage-first heap   total 126976K, used 84769K [0x0000000084a00000, 0x0000000100000000)
  region size 1024K, 74 young (75776K), 4 survivors (4096K)
 Metaspace       used 16071K, committed 16320K, reserved 1064960K
  class space    used 2046K, committed 2176K, reserved 1048576K
}
Event: 1.585 GC heap after
{Heap after GC invocations=6 (full 0):
 garbage-first heap   total 126976K, used 13955K [0x0000000084a00000, 0x0000000100000000)
  region size 1024K, 5 young (5120K), 5 survivors (5120K)
 Metaspace       used 16071K, committed 16320K, reserved 1064960K
  class space    used 2046K, committed 2176K, reserved 1048576K
}
Event: 1.957 GC heap before
{Heap before GC invocations=6 (full 0):
 garbage-first heap   total 126976K, used 84611K [0x0000000084a00000, 0x0000000100000000)
  region size 1024K, 74 young (75776K), 5 survivors (5120K)
 Metaspace       used 16073K, committed 16320K, reserved 1064960K
  class space    used 2046K, committed 2176K, reserved 1048576K
}
Event: 1.960 GC heap after
{Heap after GC invocations=7 (full 0):
 garbage-first heap   total 126976K, used 14088K [0x0000000084a00000, 0x0000000100000000)
  region size 1024K, 5 young (5120K), 5 survivors (5120K)
 Metaspace       used 16073K, committed 16320K, reserved 1064960K
  class space    used 2046K, committed 2176K, reserved 1048576K
}
Event: 2.281 GC heap before
{Heap before GC invocations=7 (full 0):
 garbage-first heap   total 126976K, used 84744K [0x0000000084a00000, 0x0000000100000000)
  region size 1024K, 74 young (75776K), 5 survivors (5120K)
 Metaspace       used 16074K, committed 16320K, reserved 1064960K
  class space    used 2046K, committed 2176K, reserved 1048576K
}
Event: 2.284 GC heap after
{Heap after GC invocations=8 (full 0):
 garbage-first heap   total 126976K, used 14621K [0x0000000084a00000, 0x0000000100000000)
  region size 1024K, 6 young (6144K), 6 survivors (6144K)
 Metaspace       used 16074K, committed 16320K, reserved 1064960K
  class space    used 2046K, committed 2176K, reserved 1048576K
}
Event: 2.670 GC heap before
{Heap before GC invocations=8 (full 0):
 garbage-first heap   total 126976K, used 84253K [0x0000000084a00000, 0x0000000100000000)
  region size 1024K, 74 young (75776K), 6 survivors (6144K)
 Metaspace       used 16074K, committed 16320K, reserved 1064960K
  class space    used 2046K, committed 2176K, reserved 1048576K
}
Event: 2.674 GC heap after
{Heap after GC invocations=9 (full 0):
 garbage-first heap   total 126976K, used 15114K [0x0000000084a00000, 0x0000000100000000)
  region size 1024K, 5 young (5120K), 5 survivors (5120K)
 Metaspace       used 16074K, committed 16320K, reserved 1064960K
  class space    used 2046K, committed 2176K, reserved 1048576K
}
Event: 2.859 GC heap before
{Heap before GC invocations=9 (full 0):
 garbage-first heap   total 126976K, used 85770K [0x0000000084a00000, 0x0000000100000000)
  region size 1024K, 74 young (75776K), 5 survivors (5120K)
 Metaspace       used 16074K, committed 16320K, reserved 1064960K
  class space    used 2046K, committed 2176K, reserved 1048576K
}
Event: 2.862 GC heap after
{Heap after GC invocations=10 (full 0):
 garbage-first heap   total 126976K, used 16092K [0x0000000084a00000, 0x0000000100000000)
  region size 1024K, 6 young (6144K), 6 survivors (6144K)
 Metaspace       used 16074K, committed 16320K, reserved 1064960K
  class space    used 2046K, committed 2176K, reserved 1048576K
}
Event: 3.006 GC heap before
{Heap before GC invocations=10 (full 0):
 garbage-first heap   total 126976K, used 85724K [0x0000000084a00000, 0x0000000100000000)
  region size 1024K, 74 young (75776K), 6 survivors (6144K)
 Metaspace       used 16079K, committed 16320K, reserved 1064960K
  class space    used 2046K, committed 2176K, reserved 1048576K
}
Event: 3.009 GC heap after
{Heap after GC invocations=11 (full 0):
 garbage-first heap   total 152576K, used 16376K [0x0000000084a00000, 0x0000000100000000)
  region size 1024K, 5 young (5120K), 5 survivors (5120K)
 Metaspace       used 16079K, committed 16320K, reserved 1064960K
  class space    used 2046K, committed 2176K, reserved 1048576K
}

