# JRE version: Java(TM) SE Runtime Environment (17.0.2+8) (build 17.0.2+8-LTS-86)
# Java VM: Java HotSpot(TM) 64-Bit Server VM (17.0.2+8-LTS-86, mixed mode, sharing, tiered, compressed oops, compressed class ptrs, g1 gc, windows-amd64)
GC Precious Log:
 CPUs: 8 total, 8 available
 Memory: 7890M
 Large Page Support: Disabled
 NUMA Support: Disabled
 Compressed Oops: Enabled (32-bit)
 Heap Region Size: 1M
 Heap Min Capacity: 8M
 Heap Initial Capacity: 124M
 Heap Max Capacity: 1974M
 Pre-touch: Disabled
 Parallel Workers: 8
 Concurrent Workers: 2
 Concurrent Refinement Workers: 8
 Periodic GC: Disabled
Heap:
 garbage-first heap   total 183296K, used 21353K [0x0000000084a00000, 0x0000000100000000)
  region size 1024K, 8 young (8192K), 8 survivors (8192K)
 Metaspace       used 16085K, committed 16256K, reserved 1064960K
  class space    used 2045K, committed 2112K, reserved 1048576K
GC Heap History (20 events):
Event: 1.372 GC heap after
{Heap after GC invocations=7 (full 0):
 garbage-first heap   total 152576K, used 14251K [0x0000000084a00000, 0x0000000100000000)
  region size 1024K, 5 young (5120K), 5 survivors (5120K)
 Metaspace       used 16056K, committed 16256K, reserved 1064960K
  class space    used 2043K, committed 2112K, reserved 1048576K
}
Event: 1.596 GC heap before
{Heap before GC invocations=7 (full 0):
 garbage-first heap   total 152576K, used 100267K [0x0000000084a00000, 0x0000000100000000)
  region size 1024K, 89 young (91136K), 5 survivors (5120K)
 Metaspace       used 16059K, committed 16256K, reserved 1064960K
  class space    used 2043K, committed 2112K, reserved 1048576K
}
Event: 1.599 GC heap after
{Heap after GC invocations=8 (full 0):
 garbage-first heap   total 152576K, used 15073K [0x0000000084a00000, 0x0000000100000000)
  region size 1024K, 6 young (6144K), 6 survivors (6144K)
 Metaspace       used 16059K, committed 16256K, reserved 1064960K
  class space    used 2043K, committed 2112K, reserved 1048576K
}
Event: 1.787 GC heap before
{Heap before GC invocations=8 (full 0):
 garbage-first heap   total 152576K, used 100065K [0x0000000084a00000, 0x0000000100000000)
  region size 1024K, 89 young (91136K), 6 survivors (6144K)
 Metaspace       used 16059K, committed 16256K, reserved 1064960K
  class space    used 2043K, committed 2112K, reserved 1048576K
}
Event: 1.790 GC heap after
{Heap after GC invocations=9 (full 0):
 garbage-first heap   total 152576K, used 16033K [0x0000000084a00000, 0x0000000100000000)
  region size 1024K, 7 young (7168K), 7 survivors (7168K)
 Metaspace       used 16059K, committed 16256K, reserved 1064960K
  class space    used 2043K, committed 2112K, reserved 1048576K
}
Event: 1.972 GC heap before
{Heap before GC invocations=9 (full 0):
 garbage-first heap   total 152576K, used 100001K [0x0000000084a00000, 0x0000000100000000)
  region size 1024K, 89 young (91136K), 7 survivors (7168K)
 Metaspace       used 16063K, committed 16256K, reserved 1064960K
  class space    used 2043K, committed 2112K, reserved 1048576K
}
Event: 1.976 GC heap after
{Heap after GC invocations=10 (full 0):
 garbage-first heap   total 152576K, used 16384K [0x0000000084a00000, 0x0000000100000000)
  region size 1024K, 7 young (7168K), 7 survivors (7168K)
 Metaspace       used 16063K, committed 16256K, reserved 1064960K
  class space    used 2043K, committed 2112K, reserved 1048576K
}
Event: 2.287 GC heap before
{Heap before GC invocations=10 (full 0):
 garbage-first heap   total 152576K, used 100352K [0x0000000084a00000, 0x0000000100000000)
  region size 1024K, 89 young (91136K), 7 survivors (7168K)
 Metaspace       used 16063K, committed 16256K, reserved 1064960K
  class space    used 2043K, committed 2112K, reserved 1048576K
}
Event: 2.291 GC heap after
{Heap after GC invocations=11 (full 0):
 garbage-first heap   total 183296K, used 17117K [0x0000000084a00000, 0x0000000100000000)
  region size 1024K, 7 young (7168K), 7 survivors (7168K)
 Metaspace       used 16063K, committed 16256K, reserved 1064960K
  class space    used 2043K, committed 2112K, reserved 1048576K
}
Event: 2.527 GC heap before
{Heap before GC invocations=11 (full 0):
 garbage-first heap   total 183296K, used 119517K [0x0000000084a00000, 0x0000000100000000)
  region size 1024K, 107 young (109568K), 7 survivors (7168K)
 Metaspace       used 16066K, committed 16256K, reserved 1064960K
  class space    used 2043K, committed 2112K, reserved 1048576K
}
Event: 2.530 GC heap after
{Heap after GC invocations=12 (full 0):
 garbage-first heap   total 183296K, used 17908K [0x0000000084a00000, 0x0000000100000000)
  region size 1024K, 8 young (8192K), 8 survivors (8192K)
 Metaspace       used 16066K, committed 16256K, reserved 1064960K
  class space    used 2043K, committed 2112K, reserved 1048576K
}
Event: 2.730 GC heap before
{Heap before GC invocations=12 (full 0):
 garbage-first heap   total 183296K, used 119284K [0x0000000084a00000, 0x0000000100000000)
  region size 1024K, 107 young (109568K), 8 survivors (8192K)
 Metaspace       used 16067K, committed 16256K, reserved 1064960K
  class space    used 2043K, committed 2112K, reserved 1048576K
}
Event: 2.733 GC heap after
{Heap after GC invocations=13 (full 0):
 garbage-first heap   total 183296K, used 18515K [0x0000000084a00000, 0x0000000100000000)
  region size 1024K, 8 young (8192K), 8 survivors (8192K)
 Metaspace       used 16067K, committed 16256K, reserved 1064960K
  class space    used 2043K, committed 2112K, reserved 1048576K
}
Event: 2.913 GC heap before
{Heap before GC invocations=13 (full 0):
 garbage-first heap   total 183296K, used 119891K [0x0000000084a00000, 0x0000000100000000)
  region size 1024K, 107 young (109568K), 8 survivors (8192K)
 Metaspace       used 16072K, committed 16256K, reserved 1064960K
  class space    used 2043K, committed 2112K, reserved 1048576K
}
Event: 2.919 GC heap after
{Heap after GC invocations=14 (full 0):
 garbage-first heap   total 183296K, used 19300K [0x0000000084a00000, 0x0000000100000000)
  region size 1024K, 8 young (8192K), 8 survivors (8192K)
 Metaspace       used 16072K, committed 16256K, reserved 1064960K
  class space    used 2043K, committed 2112K, reserved 1048576K
}
Event: 3.135 GC heap before
{Heap before GC invocations=14 (full 0):
 garbage-first heap   total 183296K, used 120676K [0x0000000084a00000, 0x0000000100000000)
  region size 1024K, 107 young (109568K), 8 survivors (8192K)
 Metaspace       used 16073K, committed 16256K, reserved 1064960K
  class space    used 2043K, committed 2112K, reserved 1048576K
}
Event: 3.139 GC heap after
{Heap after GC invocations=15 (full 0):
 garbage-first heap   total 183296K, used 20180K [0x0000000084a00000, 0x0000000100000000)
  region size 1024K, 8 young (8192K), 8 survivors (8192K)
 Metaspace       used 16073K, committed 16256K, reserved 1064960K
  class space    used 2043K, committed 2112K, reserved 1048576K
}
Event: 3.387 GC heap before
{Heap before GC invocations=15 (full 0):
 garbage-first heap   total 183296K, used 121556K [0x0000000084a00000, 0x0000000100000000)
  region size 1024K, 107 young (109568K), 8 survivors (8192K)
 Metaspace       used 16083K, committed 16256K, reserved 1064960K
  class space    used 2045K, committed 2112K, reserved 1048576K
}
Event: 3.391 GC heap after
{Heap after GC invocations=16 (full 0):
 garbage-first heap   total 183296K, used 20828K [0x0000000084a00000, 0x0000000100000000)
  region size 1024K, 8 young (8192K), 8 survivors (8192K)
 Metaspace       used 16083K, committed 16256K, reserved 1064960K
  class space    used 2045K, committed 2112K, reserved 1048576K
}
Event: 3.634 GC heap before
{Heap before GC invocations=16 (full 0):
 garbage-first heap   total 183296K, used 122204K [0x0000000084a00000, 0x0000000100000000)
  region size 1024K, 107 young (109568K), 8 survivors (8192K)
 Metaspace       used 16085K, committed 16256K, reserved 1064960K
  class space    used 2045K, committed 2112K, reserved 1048576K
}

